--------------------
./configure
Sun Jun 11 13:01:58 JST 2023
Checking for gcc...
=== ztest3888.c ===
extern int getchar();
int hello() {return getchar();}
===
gcc -c ztest3888.c
... using gcc
If this doesn't work for you, try win32/Makefile.gcc.

Checking for obsessive-compulsive compiler options...
=== ztest3888.c ===
int foo() { return 0; }
===
gcc -c -O3 ztest3888.c

Checking for shared library support...
=== ztest3888.c ===
extern int getchar();
int hello() {return getchar();}
===
gcc -w -c -O3 -fPIC ztest3888.c
gcc -shared -O3 -fPIC -o ztest3888.so ztest3888.o
Building shared library libz.so.1.2.13 with gcc.

=== ztest3888.c ===
#include <stdio.h>
#include <stdlib.h>
size_t dummy = 0;
===
gcc -c -O3 ztest3888.c
Checking for size_t... Yes.

=== ztest3888.c ===
#include <sys/types.h>
off64_t dummy = 0;
===
gcc -c -O3 -D_LARGEFILE64_SOURCE=1 ztest3888.c
Checking for off64_t... Yes.
Checking for fseeko... Yes.

=== ztest3888.c ===
#include <string.h>
#include <errno.h>
int main() { return strlen(strerror(errno)); }
===
gcc -O3 -D_LARGEFILE64_SOURCE=1 -o ztest3888 ztest3888.c
Checking for strerror... Yes.

=== ztest3888.c ===
#include <unistd.h>
int main() { return 0; }
===
gcc -c -O3 -D_LARGEFILE64_SOURCE=1 ztest3888.c
Checking for unistd.h... Yes.

=== ztest3888.c ===
#include <stdarg.h>
int main() { return 0; }
===
gcc -c -O3 -D_LARGEFILE64_SOURCE=1 ztest3888.c
Checking for stdarg.h... Yes.

=== ztest3888.c ===
#include <stdio.h>
#include <stdarg.h>
#include "zconf.h"
int main()
{
#ifndef STDC
  choke me
#endif
  return 0;
}
===
gcc -c -O3 -D_LARGEFILE64_SOURCE=1 ztest3888.c
Checking whether to use vs[n]printf() or s[n]printf()... using vs[n]printf().

=== ztest3888.c ===
#include <stdio.h>
#include <stdarg.h>
int mytest(const char *fmt, ...)
{
  char buf[20];
  va_list ap;
  va_start(ap, fmt);
  vsnprintf(buf, sizeof(buf), fmt, ap);
  va_end(ap);
  return 0;
}
int main()
{
  return (mytest("Hello%d\n", 1));
}
===
gcc -O3 -D_LARGEFILE64_SOURCE=1 -o ztest3888 ztest3888.c
Checking for vsnprintf() in stdio.h... Yes.

=== ztest3888.c ===
#include <stdio.h>
#include <stdarg.h>
int mytest(const char *fmt, ...)
{
  int n;
  char buf[20];
  va_list ap;
  va_start(ap, fmt);
  n = vsnprintf(buf, sizeof(buf), fmt, ap);
  va_end(ap);
  return n;
}
int main()
{
  return (mytest("Hello%d\n", 1));
}
===
gcc -c -O3 -D_LARGEFILE64_SOURCE=1 ztest3888.c
Checking for return value of vsnprintf()... Yes.

=== ztest3888.c ===
#define ZLIB_INTERNAL __attribute__((visibility ("hidden")))
int ZLIB_INTERNAL foo;
int main()
{
  return 0;
}
===
gcc -c -O3 -D_LARGEFILE64_SOURCE=1 ztest3888.c
ztest3888.c:6:1: warning: visibility attribute not supported in this configuration; ignored [-Wattributes]
    6 | }
      | ^
Checking for attribute(visibility) support... No.

ALL = static shared all64
AR = ar
ARFLAGS = rc
CC = gcc
CFLAGS = -O3 -D_LARGEFILE64_SOURCE=1
CPP =
EXE = .exe
LDCONFIG = ldconfig
LDFLAGS =
LDSHARED = gcc -shared
LDSHAREDLIBC =
OBJC = $(OBJZ) $(OBJG)
PIC_OBJC = $(PIC_OBJZ) $(PIC_OBJG)
RANLIB = ranlib
SFLAGS = -O3 -fPIC -D_LARGEFILE64_SOURCE=1
SHAREDLIB = libz.so
SHAREDLIBM = libz.so.1
SHAREDLIBV = libz.so.1.2.13
STATICLIB = libz.a
TEST = all teststatic testshared test64
VER = 1.2.13
SRCDIR =
exec_prefix = ${prefix}
includedir = ${prefix}/include
libdir = ${exec_prefix}/lib
mandir = ${prefix}/share/man
prefix = /usr/local
sharedlibdir = ${libdir}
uname = MINGW64_NT-10.0-19045
--------------------


